Connecting to database specified by database.yml
Connecting to database specified by database.yml
Compiled bootstrap.js  (145ms)  (pid 22567)
Compiled customers.js  (0ms)  (pid 22567)
Compiled home.js  (0ms)  (pid 22567)
Compiled invoices.js  (0ms)  (pid 22567)
Compiled payments.js  (0ms)  (pid 22567)
Compiled suppliers.js  (0ms)  (pid 22567)
Compiled xeroapi.js  (0ms)  (pid 22567)
Compiled application.js  (230ms)  (pid 22567)
Compiled bootstrap.css  (1ms)  (pid 22567)
Compiled customers.css  (93ms)  (pid 22567)
Compiled home.css  (1ms)  (pid 22567)
Compiled invoices.css  (1ms)  (pid 22567)
Compiled payments.css  (1ms)  (pid 22567)
Compiled suppliers.css  (1ms)  (pid 22567)
Compiled xeroapi.css  (1ms)  (pid 22567)
Compiled application.css  (150ms)  (pid 22567)
Connecting to database specified by database.yml
Compiled bootstrap.js  (74ms)  (pid 22567)
Compiled customers.js  (0ms)  (pid 22567)
Compiled home.js  (0ms)  (pid 22567)
Compiled invoices.js  (0ms)  (pid 22567)
Compiled payments.js  (0ms)  (pid 22567)
Compiled suppliers.js  (0ms)  (pid 22567)
Compiled xeroapi.js  (0ms)  (pid 22567)
Compiled application.js  (159ms)  (pid 22567)
Compiled bootstrap.css  (1ms)  (pid 22567)
Compiled customers.css  (46ms)  (pid 22567)
Compiled home.css  (1ms)  (pid 22567)
Compiled invoices.css  (1ms)  (pid 22567)
Compiled payments.css  (1ms)  (pid 22567)
Compiled suppliers.css  (1ms)  (pid 22567)
Compiled xeroapi.css  (1ms)  (pid 22567)
Compiled application.css  (96ms)  (pid 22567)
